\BOOKMARK [0][-]{chapter.1}{\376\377\000I\000n\000t\000r\000o\000d\000u\000c\000t\000i\000o\000n}{}% 1
\BOOKMARK [1][-]{section.1.1}{\376\377\000M\000o\000t\000i\000v\000a\000t\000i\000o\000n}{chapter.1}% 2
\BOOKMARK [1][-]{section.1.2}{\376\377\000G\000o\000a\000l}{chapter.1}% 3
\BOOKMARK [1][-]{section.1.3}{\376\377\000C\000o\000n\000t\000r\000i\000b\000u\000t\000i\000o\000n}{chapter.1}% 4
\BOOKMARK [1][-]{section.1.4}{\376\377\000R\000e\000l\000a\000t\000e\000d\000\040\000W\000o\000r\000k}{chapter.1}% 5
\BOOKMARK [0][-]{chapter.2}{\376\377\000F\000u\000n\000d\000a\000m\000e\000n\000t\000a\000l\000s}{}% 6
\BOOKMARK [1][-]{section.2.1}{\376\377\000v\000a\000l\000v\000e}{chapter.2}% 7
\BOOKMARK [2][-]{subsection.2.1.1}{\376\377\000I\000n\000t\000r\000o\000d\000u\000c\000t\000i\000o\000n\000\040\000o\000f\000\040\000v\000a\000l\000v\000e}{section.2.1}% 8
\BOOKMARK [2][-]{subsection.2.1.2}{\376\377\000P\000r\000i\000n\000c\000i\000p\000l\000e\000\040\000o\000f\000\040\000G\000l\000o\000b\000e\000\040\000V\000a\000l\000v\000e}{section.2.1}% 9
\BOOKMARK [2][-]{subsection.2.1.3}{\376\377\000L\000e\000a\000k\000a\000g\000e\000\040\000a\000n\000d\000\040\000s\000e\000a\000l\000i\000n\000g\000\040\000o\000f\000\040\000g\000l\000o\000b\000e\000\040\000v\000a\000l\000v\000e\000s}{section.2.1}% 10
\BOOKMARK [1][-]{section.2.2}{\376\377\000P\000i\000e\000z\000o\000e\000l\000e\000c\000t\000r\000i\000c\000\040\000s\000e\000n\000s\000o\000r}{chapter.2}% 11
\BOOKMARK [2][-]{subsection.2.2.1}{\376\377\000I\000n\000t\000r\000o\000d\000u\000c\000t\000i\000o\000n\000\040\000o\000f\000\040\000P\000i\000e\000z\000o\000e\000l\000e\000c\000t\000r\000i\000c\000\040\000s\000e\000n\000s\000o\000r}{section.2.2}% 12
\BOOKMARK [2][-]{subsection.2.2.2}{\376\377\000P\000i\000e\000z\000o\000e\000l\000e\000c\000t\000r\000i\000c\000\040\000e\000f\000f\000e\000c\000t}{section.2.2}% 13
\BOOKMARK [2][-]{subsection.2.2.3}{\376\377\000P\000i\000e\000z\000o\000e\000l\000e\000c\000t\000r\000i\000c\000\040\000c\000e\000r\000a\000m\000i\000c\000\040\000v\000i\000b\000r\000a\000t\000i\000o\000n\000\040\000s\000e\000n\000s\000o\000r}{section.2.2}% 14
\BOOKMARK [0][-]{chapter.3}{\376\377\000M\000e\000t\000h\000o\000d\000o\000l\000o\000g\000y}{}% 15
\BOOKMARK [1][-]{section.3.1}{\376\377\000E\000x\000p\000e\000r\000i\000m\000e\000n\000t\000\040\000a\000n\000d\000\040\000A\000n\000a\000l\000y\000s\000i\000s}{chapter.3}% 16
\BOOKMARK [1][-]{section.3.2}{\376\377\000E\000x\000p\000e\000r\000i\000m\000e\000n\000t\000\040\000a\000n\000d\000\040\000A\000n\000a\000l\000y\000s\000i\000s}{chapter.3}% 17
\BOOKMARK [1][-]{section.3.3}{\376\377\000A\000I\000-\000b\000a\000s\000e\000d\000\040\000I\000m\000p\000l\000e\000m\000e\000n\000t\000a\000t\000i\000o\000n}{chapter.3}% 18
\BOOKMARK [0][-]{chapter.4}{\376\377\000R\000e\000s\000u\000l\000t\000\040\000a\000n\000d\000\040\000C\000o\000n\000c\000l\000u\000s\000i\000o\000n}{}% 19
\BOOKMARK [0][-]{appendix*.2}{\376\377\000L\000i\000s\000t\000\040\000o\000f\000\040\000F\000i\000g\000u\000r\000e\000s}{}% 20
\BOOKMARK [0][-]{appendix*.3}{\376\377\000L\000i\000s\000t\000\040\000o\000f\000\040\000T\000a\000b\000l\000e\000s}{}% 21
\BOOKMARK [0][-]{appendix*.4}{\376\377\000L\000i\000s\000t\000\040\000o\000f\000\040\000L\000i\000s\000t\000i\000n\000g\000s}{}% 22
\BOOKMARK [0][-]{appendix*.5}{\376\377\000R\000e\000f\000e\000r\000e\000n\000c\000e\000s}{}% 23
