This is pdfTeX, Version 3.141592653-2.6-1.40.24 (MiKTeX 22.1) (preloaded format=pdflatex 2023.1.3)  29 JAN 2023 17:12
entering extended mode
 restricted \write18 enabled.
 file:line:error style messages enabled.
 %&-line parsing enabled.
**/Users/yiyunliang/Desktop/lyy-s-idea-center/LaTeX/templateDiss/dissertationTemplate.tex
(/Users/yiyunliang/Desktop/lyy-s-idea-center/LaTeX/templateDiss/dissertationTemplate.tex
LaTeX2e <2022-11-01> patch level 1
L3 programming layer <2022-12-17> (Classes/ifasDiss.cls
Document Class: Classes/ifasDiss 2016/03/21 IFAS Dissertation Template
(/Library/Application Support/MiKTeX/texmfs/install/tex/generic/babel/babel.sty
Package: babel 2022/12/26 3.84 The Babel package
\babel@savecnt=\count185
\U@D=\dimen140
\l@unhyphenated=\language79
 (/Library/Application Support/MiKTeX/texmfs/install/tex/generic/babel/txtbabel.def)
\bbl@readstream=\read2
\bbl@dirlevel=\count186

*************************************
* Local config file bblopts.cfg used
*
(/Library/Application Support/MiKTeX/texmfs/install/tex/latex/arabi/bblopts.cfg
File: bblopts.cfg 2005/09/08 v0.1 add Arabic and Farsi to "declared" options of babel
) (/Users/yiyunliang/Library/Application Support/MiKTeX/texmfs/install/tex/latex/babel-german/german.ldf
Language: german 2021/02/27 v2.13 German support for babel (pre-1996 orthography)
 (/Users/yiyunliang/Library/Application Support/MiKTeX/texmfs/install/tex/latex/babel-german/germanb.ldf
Language: germanb 2021/02/27 v2.13 German support for babel (pre-1996 orthography)
Package babel Info: Making " an active character on input line 139.
)) (/Library/Application Support/MiKTeX/texmfs/install/tex/latex/babel-english/english.ldf
Language: english 2017/06/06 v3.3r English support from the babel system
Package babel Info: Hyphen rules for 'canadian' set to \l@english
(babel)             (\language0). Reported on input line 102.
Package babel Info: Hyphen rules for 'australian' set to \l@ukenglish
(babel)             (\language73). Reported on input line 105.
Package babel Info: Hyphen rules for 'newzealand' set to \l@ukenglish
(babel)             (\language73). Reported on input line 108.
)) (/Library/Application Support/MiKTeX/texmfs/install/tex/generic/babel/locale/en/babel-english.tex
Package babel Info: Importing font and identification data for english
(babel)             from babel-en.ini. Reported on input line 11.
) (/Library/Application Support/MiKTeX/texmfs/install/tex/generic/babel/locale/de/babel-german.tex
Package babel Info: Importing font and identification data for german
(babel)             from babel-de.ini. Reported on input line 25.
) (/Users/yiyunliang/Library/Application Support/MiKTeX/texmfs/install/tex/latex/extsizes/extbook.cls
Document Class: extbook 1999/01/07 v1.4a NON-Standard LaTeX document class
(/Users/yiyunliang/Library/Application Support/MiKTeX/texmfs/install/tex/latex/extsizes/size9.clo
File: size9.clo 1999/11/11 v1.4a NON-Standard LaTeX file (size option)
) (/Library/Application Support/MiKTeX/texmfs/install/tex/latex/base/exscale.sty
Package: exscale 2018/09/24 v2.1i Standard LaTeX package exscale
LaTeX Font Info:    Redeclaring symbol font `largesymbols' on input line 57.
LaTeX Font Info:    Overwriting symbol font `largesymbols' in version `normal'
(Font)                  OMX/cmex/m/n --> OMX/cmex/m/n on input line 57.
LaTeX Font Info:    Overwriting symbol font `largesymbols' in version `bold'
(Font)                  OMX/cmex/m/n --> OMX/cmex/m/n on input line 57.
\big@size=\dimen141
)
\c@part=\count187
\c@chapter=\count188
\c@section=\count189
\c@subsection=\count190
\c@subsubsection=\count191
\c@paragraph=\count192
\c@subparagraph=\count193
\c@figure=\count194
\c@table=\count195
\abovecaptionskip=\skip48
\belowcaptionskip=\skip49
\bibindent=\dimen142
) (/Users/yiyunliang/Library/Application Support/MiKTeX/texmfs/install/tex/latex/psnfss/charter.sty
Package: charter 2020/03/25 PSNFSS-v9.3 (P.Dyballa) 
) (/Users/yiyunliang/Library/Application Support/MiKTeX/texmfs/install/tex/latex/mathdesign/mathdesign.sty
Package: mathdesign 2013/08/29 v2.31 Math Design Project
 (/Library/Application Support/MiKTeX/texmfs/install/tex/latex/graphics/keyval.sty
Package: keyval 2022/05/29 v1.15 key=value parser (DPC)
\KV@toks@=\toks16
) (/Library/Application Support/MiKTeX/texmfs/install/tex/latex/base/ifthen.sty
Package: ifthen 2022/04/13 v1.1d Standard LaTeX ifthen package (DPC)
)

Package mathdesign Warning: No font specified on input line 175.

(/Library/Application Support/MiKTeX/texmfs/install/tex/latex/base/fontenc.sty
Package: fontenc 2021/04/29 v2.0v Standard LaTeX package
LaTeX Font Info:    Trying to load font information for T1+bch on input line 112.
 (/Users/yiyunliang/Library/Application Support/MiKTeX/texmfs/install/tex/latex/psnfss/t1bch.fd
File: t1bch.fd 2004/10/18 font definitions for T1/bch.
))) (/Users/yiyunliang/Library/Application Support/MiKTeX/texmfs/install/tex/latex/titlesec/titlesec.sty
Package: titlesec 2021/07/05 v2.14 Sectioning titles
\ttl@box=\box51
\beforetitleunit=\skip50
\aftertitleunit=\skip51
\ttl@plus=\dimen143
\ttl@minus=\dimen144
\ttl@toksa=\toks17
\titlewidth=\dimen145
\titlewidthlast=\dimen146
\titlewidthfirst=\dimen147
) (/Library/Application Support/MiKTeX/texmfs/install/tex/latex/amsfonts/amsfonts.sty
Package: amsfonts 2013/01/14 v3.01 Basic AMSFonts support
\@emptytoks=\toks18
\symAMSa=\mathgroup4
\symAMSb=\mathgroup5
LaTeX Font Info:    Redeclaring math symbol \hbar on input line 98.
LaTeX Font Info:    Overwriting math alphabet `\mathfrak' in version `bold'
(Font)                  U/euf/m/n --> U/euf/b/n on input line 106.
) (/Users/yiyunliang/Library/Application Support/MiKTeX/texmfs/install/tex/latex/amscls/amsthm.sty
Package: amsthm 2020/05/29 v2.20.6
\thm@style=\toks19
\thm@bodyfont=\toks20
\thm@headfont=\toks21
\thm@notefont=\toks22
\thm@headpunct=\toks23
\thm@preskip=\skip52
\thm@postskip=\skip53
\thm@headsep=\skip54
\dth@everypar=\toks24
) (/Library/Application Support/MiKTeX/texmfs/install/tex/latex/amsmath/amsmath.sty
Package: amsmath 2022/04/08 v2.17n AMS math features
\@mathmargin=\skip55

For additional information on amsmath, use the `?' option.
(/Library/Application Support/MiKTeX/texmfs/install/tex/latex/amsmath/amstext.sty
Package: amstext 2021/08/26 v2.01 AMS text
 (/Library/Application Support/MiKTeX/texmfs/install/tex/latex/amsmath/amsgen.sty
File: amsgen.sty 1999/11/30 v2.0 generic functions
\@emptytoks=\toks25
\ex@=\dimen148
)) (/Library/Application Support/MiKTeX/texmfs/install/tex/latex/amsmath/amsbsy.sty
Package: amsbsy 1999/11/29 v1.2d Bold Symbols
\pmbraise@=\dimen149
) (/Library/Application Support/MiKTeX/texmfs/install/tex/latex/amsmath/amsopn.sty
Package: amsopn 2022/04/08 v2.04 operator names
)
\inf@bad=\count196
LaTeX Info: Redefining \frac on input line 234.
\uproot@=\count197
\leftroot@=\count198
LaTeX Info: Redefining \overline on input line 399.
LaTeX Info: Redefining \colon on input line 410.
\classnum@=\count199
\DOTSCASE@=\count266
LaTeX Info: Redefining \ldots on input line 496.
LaTeX Info: Redefining \dots on input line 499.
LaTeX Info: Redefining \cdots on input line 620.
\Mathstrutbox@=\box52
\strutbox@=\box53
LaTeX Info: Redefining \big on input line 722.
LaTeX Info: Redefining \Big on input line 723.
LaTeX Info: Redefining \bigg on input line 724.
LaTeX Info: Redefining \Bigg on input line 725.
\big@size=\dimen150
LaTeX Font Info:    Redeclaring font encoding OML on input line 743.
LaTeX Font Info:    Redeclaring font encoding OMS on input line 744.
\macc@depth=\count267
LaTeX Info: Redefining \bmod on input line 905.
LaTeX Info: Redefining \pmod on input line 910.
LaTeX Info: Redefining \smash on input line 940.
LaTeX Info: Redefining \relbar on input line 970.
LaTeX Info: Redefining \Relbar on input line 971.
\c@MaxMatrixCols=\count268
\dotsspace@=\muskip16
\c@parentequation=\count269
\dspbrk@lvl=\count270
\tag@help=\toks26
\row@=\count271
\column@=\count272
\maxfields@=\count273
\andhelp@=\toks27
\eqnshift@=\dimen151
\alignsep@=\dimen152
\tagshift@=\dimen153
\tagwidth@=\dimen154
\totwidth@=\dimen155
\lineht@=\dimen156
\@envbody=\toks28
\multlinegap=\skip56
\multlinetaggap=\skip57
\mathdisplay@stack=\toks29
LaTeX Info: Redefining \[ on input line 2953.
LaTeX Info: Redefining \] on input line 2954.
) (/Users/yiyunliang/Library/Application Support/MiKTeX/texmfs/install/tex/latex/mathtools/mathtools.sty
Package: mathtools 2022/06/29 v1.29 mathematical typesetting tools
 (/Library/Application Support/MiKTeX/texmfs/install/tex/latex/tools/calc.sty
Package: calc 2017/05/25 v4.3 Infix arithmetic (KKT,FJ)
\calc@Acount=\count274
\calc@Bcount=\count275
\calc@Adimen=\dimen157
\calc@Bdimen=\dimen158
\calc@Askip=\skip58
\calc@Bskip=\skip59
LaTeX Info: Redefining \setlength on input line 80.
LaTeX Info: Redefining \addtolength on input line 81.
\calc@Ccount=\count276
\calc@Cskip=\skip60
) (/Users/yiyunliang/Library/Application Support/MiKTeX/texmfs/install/tex/latex/mathtools/mhsetup.sty
Package: mhsetup 2021/03/18 v1.4 programming setup (MH)
)
\g_MT_multlinerow_int=\count277
\l_MT_multwidth_dim=\dimen159
\origjot=\skip61
\l_MT_shortvdotswithinadjustabove_dim=\dimen160
\l_MT_shortvdotswithinadjustbelow_dim=\dimen161
\l_MT_above_intertext_sep=\dimen162
\l_MT_below_intertext_sep=\dimen163
\l_MT_above_shortintertext_sep=\dimen164
\l_MT_below_shortintertext_sep=\dimen165
\xmathstrut@box=\box54
\xmathstrut@dim=\dimen166
) (/Users/yiyunliang/Library/Application Support/MiKTeX/texmfs/install/tex/latex/xpatch/xpatch.sty (/Library/Application Support/MiKTeX/texmfs/install/tex/latex/l3kernel/expl3.sty
Package: expl3 2022-12-17 L3 programming layer (loader) 
 (/Library/Application Support/MiKTeX/texmfs/install/tex/latex/l3backend/l3backend-pdftex.def
File: l3backend-pdftex.def 2022-10-26 L3 backend support: PDF output (pdfTeX)
\l__color_backend_stack_int=\count278
\l__pdf_internal_box=\box55
))
Package: xpatch 2020/03/25 v0.3a Extending etoolbox patching commands
 (/Library/Application Support/MiKTeX/texmfs/install/tex/latex/l3packages/xparse/xparse.sty
Package: xparse 2022-12-17 L3 Experimental document command parser
) (/Library/Application Support/MiKTeX/texmfs/install/tex/latex/etoolbox/etoolbox.sty
Package: etoolbox 2020/10/05 v2.5k e-TeX tools for LaTeX (JAW)
\etb@tempcnta=\count279
)) (/Library/Application Support/MiKTeX/texmfs/install/tex/latex/tools/array.sty
Package: array 2022/03/10 v2.5f Tabular extension package (FMi)
\col@sep=\dimen167
\ar@mcellbox=\box56
\extrarowheight=\dimen168
\NC@list=\toks30
\extratabsurround=\skip62
\backup@length=\skip63
\ar@cellbox=\box57
) (/Library/Application Support/MiKTeX/texmfs/install/tex/latex/pgf/frontendlayer/tikz.sty (/Library/Application Support/MiKTeX/texmfs/install/tex/latex/pgf/basiclayer/pgf.sty (/Library/Application Support/MiKTeX/texmfs/install/tex/latex/pgf/utilities/pgfrcs.sty (/Library/Application Support/MiKTeX/texmfs/install/tex/generic/pgf/utilities/pgfutil-common.tex
\pgfutil@everybye=\toks31
\pgfutil@tempdima=\dimen169
\pgfutil@tempdimb=\dimen170
 (/Library/Application Support/MiKTeX/texmfs/install/tex/generic/pgf/utilities/pgfutil-common-lists.tex)) (/Library/Application Support/MiKTeX/texmfs/install/tex/generic/pgf/utilities/pgfutil-latex.def
\pgfutil@abb=\box58
) (/Library/Application Support/MiKTeX/texmfs/install/tex/generic/pgf/utilities/pgfrcs.code.tex (/Library/Application Support/MiKTeX/texmfs/install/tex/generic/pgf/pgf.revision.tex)
Package: pgfrcs 2021/05/15 v3.1.9a (3.1.9a)
))
Package: pgf 2021/05/15 v3.1.9a (3.1.9a)
 (/Library/Application Support/MiKTeX/texmfs/install/tex/latex/pgf/basiclayer/pgfcore.sty (/Library/Application Support/MiKTeX/texmfs/install/tex/latex/graphics/graphicx.sty
Package: graphicx 2021/09/16 v1.2d Enhanced LaTeX Graphics (DPC,SPQR)
 (/Library/Application Support/MiKTeX/texmfs/install/tex/latex/graphics/graphics.sty
Package: graphics 2022/03/10 v1.4e Standard LaTeX Graphics (DPC,SPQR)
 (/Library/Application Support/MiKTeX/texmfs/install/tex/latex/graphics/trig.sty
Package: trig 2021/08/11 v1.11 sin cos tan (DPC)
) (/Library/Application Support/MiKTeX/texmfs/install/tex/latex/graphics-cfg/graphics.cfg
File: graphics.cfg 2016/06/04 v1.11 sample graphics configuration
)
Package graphics Info: Driver file: pdftex.def on input line 107.
 (/Library/Application Support/MiKTeX/texmfs/install/tex/latex/graphics-def/pdftex.def
File: pdftex.def 2022/09/22 v1.2b Graphics/color driver for pdftex
))
\Gin@req@height=\dimen171
\Gin@req@width=\dimen172
) (/Library/Application Support/MiKTeX/texmfs/install/tex/latex/pgf/systemlayer/pgfsys.sty (/Library/Application Support/MiKTeX/texmfs/install/tex/generic/pgf/systemlayer/pgfsys.code.tex
Package: pgfsys 2021/05/15 v3.1.9a (3.1.9a)
 (/Library/Application Support/MiKTeX/texmfs/install/tex/generic/pgf/utilities/pgfkeys.code.tex
\pgfkeys@pathtoks=\toks32
\pgfkeys@temptoks=\toks33
 (/Library/Application Support/MiKTeX/texmfs/install/tex/generic/pgf/utilities/pgfkeysfiltered.code.tex
\pgfkeys@tmptoks=\toks34
))
\pgf@x=\dimen173
\pgf@y=\dimen174
\pgf@xa=\dimen175
\pgf@ya=\dimen176
\pgf@xb=\dimen177
\pgf@yb=\dimen178
\pgf@xc=\dimen179
\pgf@yc=\dimen180
\pgf@xd=\dimen181
\pgf@yd=\dimen182
\w@pgf@writea=\write3
\r@pgf@reada=\read3
\c@pgf@counta=\count280
\c@pgf@countb=\count281
\c@pgf@countc=\count282
\c@pgf@countd=\count283
\t@pgf@toka=\toks35
\t@pgf@tokb=\toks36
\t@pgf@tokc=\toks37
\pgf@sys@id@count=\count284
 (/Library/Application Support/MiKTeX/texmfs/install/tex/generic/pgf/systemlayer/pgf.cfg
File: pgf.cfg 2021/05/15 v3.1.9a (3.1.9a)
)
Driver file for pgf: pgfsys-pdftex.def
 (/Library/Application Support/MiKTeX/texmfs/install/tex/generic/pgf/systemlayer/pgfsys-pdftex.def
File: pgfsys-pdftex.def 2021/05/15 v3.1.9a (3.1.9a)
 (/Library/Application Support/MiKTeX/texmfs/install/tex/generic/pgf/systemlayer/pgfsys-common-pdf.def
File: pgfsys-common-pdf.def 2021/05/15 v3.1.9a (3.1.9a)
))) (/Library/Application Support/MiKTeX/texmfs/install/tex/generic/pgf/systemlayer/pgfsyssoftpath.code.tex
File: pgfsyssoftpath.code.tex 2021/05/15 v3.1.9a (3.1.9a)
\pgfsyssoftpath@smallbuffer@items=\count285
\pgfsyssoftpath@bigbuffer@items=\count286
) (/Library/Application Support/MiKTeX/texmfs/install/tex/generic/pgf/systemlayer/pgfsysprotocol.code.tex
File: pgfsysprotocol.code.tex 2021/05/15 v3.1.9a (3.1.9a)
)) (/Library/Application Support/MiKTeX/texmfs/install/tex/latex/xcolor/xcolor.sty
Package: xcolor 2022/06/12 v2.14 LaTeX color extensions (UK)
 (/Library/Application Support/MiKTeX/texmfs/install/tex/latex/graphics-cfg/color.cfg
File: color.cfg 2016/01/02 v1.6 sample color configuration
)
Package xcolor Info: Driver file: pdftex.def on input line 227.
 (/Library/Application Support/MiKTeX/texmfs/install/tex/latex/graphics/mathcolor.ltx)
Package xcolor Info: Model `cmy' substituted by `cmy0' on input line 1353.
Package xcolor Info: Model `hsb' substituted by `rgb' on input line 1357.
Package xcolor Info: Model `RGB' extended on input line 1369.
Package xcolor Info: Model `HTML' substituted by `rgb' on input line 1371.
Package xcolor Info: Model `Hsb' substituted by `hsb' on input line 1372.
Package xcolor Info: Model `tHsb' substituted by `hsb' on input line 1373.
Package xcolor Info: Model `HSB' substituted by `hsb' on input line 1374.
Package xcolor Info: Model `Gray' substituted by `gray' on input line 1375.
Package xcolor Info: Model `wave' substituted by `hsb' on input line 1376.
) (/Library/Application Support/MiKTeX/texmfs/install/tex/generic/pgf/basiclayer/pgfcore.code.tex
Package: pgfcore 2021/05/15 v3.1.9a (3.1.9a)
 (/Library/Application Support/MiKTeX/texmfs/install/tex/generic/pgf/math/pgfmath.code.tex (/Library/Application Support/MiKTeX/texmfs/install/tex/generic/pgf/math/pgfmathcalc.code.tex (/Library/Application Support/MiKTeX/texmfs/install/tex/generic/pgf/math/pgfmathutil.code.tex) (/Library/Application Support/MiKTeX/texmfs/install/tex/generic/pgf/math/pgfmathparser.code.tex
\pgfmath@dimen=\dimen183
\pgfmath@count=\count287
\pgfmath@box=\box59
\pgfmath@toks=\toks38
\pgfmath@stack@operand=\toks39
\pgfmath@stack@operation=\toks40
) (/Library/Application Support/MiKTeX/texmfs/install/tex/generic/pgf/math/pgfmathfunctions.code.tex (/Library/Application Support/MiKTeX/texmfs/install/tex/generic/pgf/math/pgfmathfunctions.basic.code.tex) (/Library/Application Support/MiKTeX/texmfs/install/tex/generic/pgf/math/pgfmathfunctions.trigonometric.code.tex) (/Library/Application Support/MiKTeX/texmfs/install/tex/generic/pgf/math/pgfmathfunctions.random.code.tex) (/Library/Application Support/MiKTeX/texmfs/install/tex/generic/pgf/math/pgfmathfunctions.comparison.code.tex) (/Library/Application Support/MiKTeX/texmfs/install/tex/generic/pgf/math/pgfmathfunctions.base.code.tex) (/Library/Application Support/MiKTeX/texmfs/install/tex/generic/pgf/math/pgfmathfunctions.round.code.tex) (/Library/Application Support/MiKTeX/texmfs/install/tex/generic/pgf/math/pgfmathfunctions.misc.code.tex) (/Library/Application Support/MiKTeX/texmfs/install/tex/generic/pgf/math/pgfmathfunctions.integerarithmetics.code.tex))) (/Library/Application Support/MiKTeX/texmfs/install/tex/generic/pgf/math/pgfmathfloat.code.tex
\c@pgfmathroundto@lastzeros=\count288
)) (/Library/Application Support/MiKTeX/texmfs/install/tex/generic/pgf/math/pgfint.code.tex) (/Library/Application Support/MiKTeX/texmfs/install/tex/generic/pgf/basiclayer/pgfcorepoints.code.tex
File: pgfcorepoints.code.tex 2021/05/15 v3.1.9a (3.1.9a)
\pgf@picminx=\dimen184
\pgf@picmaxx=\dimen185
\pgf@picminy=\dimen186
\pgf@picmaxy=\dimen187
\pgf@pathminx=\dimen188
\pgf@pathmaxx=\dimen189
\pgf@pathminy=\dimen190
\pgf@pathmaxy=\dimen191
\pgf@xx=\dimen192
\pgf@xy=\dimen193
\pgf@yx=\dimen194
\pgf@yy=\dimen195
\pgf@zx=\dimen196
\pgf@zy=\dimen197
) (/Library/Application Support/MiKTeX/texmfs/install/tex/generic/pgf/basiclayer/pgfcorepathconstruct.code.tex
File: pgfcorepathconstruct.code.tex 2021/05/15 v3.1.9a (3.1.9a)
\pgf@path@lastx=\dimen198
\pgf@path@lasty=\dimen199
) (/Library/Application Support/MiKTeX/texmfs/install/tex/generic/pgf/basiclayer/pgfcorepathusage.code.tex
File: pgfcorepathusage.code.tex 2021/05/15 v3.1.9a (3.1.9a)
\pgf@shorten@end@additional=\dimen256
\pgf@shorten@start@additional=\dimen257
) (/Library/Application Support/MiKTeX/texmfs/install/tex/generic/pgf/basiclayer/pgfcorescopes.code.tex
File: pgfcorescopes.code.tex 2021/05/15 v3.1.9a (3.1.9a)
\pgfpic=\box60
\pgf@hbox=\box61
\pgf@layerbox@main=\box62
\pgf@picture@serial@count=\count289
) (/Library/Application Support/MiKTeX/texmfs/install/tex/generic/pgf/basiclayer/pgfcoregraphicstate.code.tex
File: pgfcoregraphicstate.code.tex 2021/05/15 v3.1.9a (3.1.9a)
\pgflinewidth=\dimen258
) (/Library/Application Support/MiKTeX/texmfs/install/tex/generic/pgf/basiclayer/pgfcoretransformations.code.tex
File: pgfcoretransformations.code.tex 2021/05/15 v3.1.9a (3.1.9a)
\pgf@pt@x=\dimen259
\pgf@pt@y=\dimen260
\pgf@pt@temp=\dimen261
) (/Library/Application Support/MiKTeX/texmfs/install/tex/generic/pgf/basiclayer/pgfcorequick.code.tex
File: pgfcorequick.code.tex 2021/05/15 v3.1.9a (3.1.9a)
) (/Library/Application Support/MiKTeX/texmfs/install/tex/generic/pgf/basiclayer/pgfcoreobjects.code.tex
File: pgfcoreobjects.code.tex 2021/05/15 v3.1.9a (3.1.9a)
) (/Library/Application Support/MiKTeX/texmfs/install/tex/generic/pgf/basiclayer/pgfcorepathprocessing.code.tex
File: pgfcorepathprocessing.code.tex 2021/05/15 v3.1.9a (3.1.9a)
) (/Library/Application Support/MiKTeX/texmfs/install/tex/generic/pgf/basiclayer/pgfcorearrows.code.tex
File: pgfcorearrows.code.tex 2021/05/15 v3.1.9a (3.1.9a)
\pgfarrowsep=\dimen262
) (/Library/Application Support/MiKTeX/texmfs/install/tex/generic/pgf/basiclayer/pgfcoreshade.code.tex
File: pgfcoreshade.code.tex 2021/05/15 v3.1.9a (3.1.9a)
\pgf@max=\dimen263
\pgf@sys@shading@range@num=\count290
\pgf@shadingcount=\count291
) (/Library/Application Support/MiKTeX/texmfs/install/tex/generic/pgf/basiclayer/pgfcoreimage.code.tex
File: pgfcoreimage.code.tex 2021/05/15 v3.1.9a (3.1.9a)
 (/Library/Application Support/MiKTeX/texmfs/install/tex/generic/pgf/basiclayer/pgfcoreexternal.code.tex
File: pgfcoreexternal.code.tex 2021/05/15 v3.1.9a (3.1.9a)
\pgfexternal@startupbox=\box63
)) (/Library/Application Support/MiKTeX/texmfs/install/tex/generic/pgf/basiclayer/pgfcorelayers.code.tex
File: pgfcorelayers.code.tex 2021/05/15 v3.1.9a (3.1.9a)
) (/Library/Application Support/MiKTeX/texmfs/install/tex/generic/pgf/basiclayer/pgfcoretransparency.code.tex
File: pgfcoretransparency.code.tex 2021/05/15 v3.1.9a (3.1.9a)
) (/Library/Application Support/MiKTeX/texmfs/install/tex/generic/pgf/basiclayer/pgfcorepatterns.code.tex
File: pgfcorepatterns.code.tex 2021/05/15 v3.1.9a (3.1.9a)
) (/Library/Application Support/MiKTeX/texmfs/install/tex/generic/pgf/basiclayer/pgfcorerdf.code.tex
File: pgfcorerdf.code.tex 2021/05/15 v3.1.9a (3.1.9a)
))) (/Library/Application Support/MiKTeX/texmfs/install/tex/generic/pgf/modules/pgfmoduleshapes.code.tex
File: pgfmoduleshapes.code.tex 2021/05/15 v3.1.9a (3.1.9a)
\pgfnodeparttextbox=\box64
) (/Library/Application Support/MiKTeX/texmfs/install/tex/generic/pgf/modules/pgfmoduleplot.code.tex
File: pgfmoduleplot.code.tex 2021/05/15 v3.1.9a (3.1.9a)
) (/Library/Application Support/MiKTeX/texmfs/install/tex/latex/pgf/compatibility/pgfcomp-version-0-65.sty
Package: pgfcomp-version-0-65 2021/05/15 v3.1.9a (3.1.9a)
\pgf@nodesepstart=\dimen264
\pgf@nodesepend=\dimen265
) (/Library/Application Support/MiKTeX/texmfs/install/tex/latex/pgf/compatibility/pgfcomp-version-1-18.sty
Package: pgfcomp-version-1-18 2021/05/15 v3.1.9a (3.1.9a)
)) (/Library/Application Support/MiKTeX/texmfs/install/tex/latex/pgf/utilities/pgffor.sty (/Library/Application Support/MiKTeX/texmfs/install/tex/latex/pgf/utilities/pgfkeys.sty (/Library/Application Support/MiKTeX/texmfs/install/tex/generic/pgf/utilities/pgfkeys.code.tex)) (/Library/Application Support/MiKTeX/texmfs/install/tex/latex/pgf/math/pgfmath.sty (/Library/Application Support/MiKTeX/texmfs/install/tex/generic/pgf/math/pgfmath.code.tex)) (/Library/Application Support/MiKTeX/texmfs/install/tex/generic/pgf/utilities/pgffor.code.tex
Package: pgffor 2021/05/15 v3.1.9a (3.1.9a)
 (/Library/Application Support/MiKTeX/texmfs/install/tex/generic/pgf/math/pgfmath.code.tex)
\pgffor@iter=\dimen266
\pgffor@skip=\dimen267
\pgffor@stack=\toks41
\pgffor@toks=\toks42
)) (/Library/Application Support/MiKTeX/texmfs/install/tex/generic/pgf/frontendlayer/tikz/tikz.code.tex
Package: tikz 2021/05/15 v3.1.9a (3.1.9a)
 (/Library/Application Support/MiKTeX/texmfs/install/tex/generic/pgf/libraries/pgflibraryplothandlers.code.tex
File: pgflibraryplothandlers.code.tex 2021/05/15 v3.1.9a (3.1.9a)
\pgf@plot@mark@count=\count292
\pgfplotmarksize=\dimen268
)
\tikz@lastx=\dimen269
\tikz@lasty=\dimen270
\tikz@lastxsaved=\dimen271
\tikz@lastysaved=\dimen272
\tikz@lastmovetox=\dimen273
\tikz@lastmovetoy=\dimen274
\tikzleveldistance=\dimen275
\tikzsiblingdistance=\dimen276
\tikz@figbox=\box65
\tikz@figbox@bg=\box66
\tikz@tempbox=\box67
\tikz@tempbox@bg=\box68
\tikztreelevel=\count293
\tikznumberofchildren=\count294
\tikznumberofcurrentchild=\count295
\tikz@fig@count=\count296
 (/Library/Application Support/MiKTeX/texmfs/install/tex/generic/pgf/modules/pgfmodulematrix.code.tex
File: pgfmodulematrix.code.tex 2021/05/15 v3.1.9a (3.1.9a)
\pgfmatrixcurrentrow=\count297
\pgfmatrixcurrentcolumn=\count298
\pgf@matrix@numberofcolumns=\count299
)
\tikz@expandcount=\count300
 (/Library/Application Support/MiKTeX/texmfs/install/tex/generic/pgf/frontendlayer/tikz/libraries/tikzlibrarytopaths.code.tex
File: tikzlibrarytopaths.code.tex 2021/05/15 v3.1.9a (3.1.9a)
))) (/Users/yiyunliang/Library/Application Support/MiKTeX/texmfs/install/tex/latex/tikz-3dplot/tikz-3dplot.sty (/Library/Application Support/MiKTeX/texmfs/install/tex/generic/pgf/frontendlayer/tikz/libraries/tikzlibrarycalc.code.tex
File: tikzlibrarycalc.code.tex 2021/05/15 v3.1.9a (3.1.9a)
) (/Library/Application Support/MiKTeX/texmfs/install/tex/generic/pgf/frontendlayer/tikz/libraries/tikzlibrary3d.code.tex
File: tikzlibrary3d.code.tex 2021/05/15 v3.1.9a (3.1.9a)
) (/Library/Application Support/MiKTeX/texmfs/install/tex/generic/pgf/frontendlayer/tikz/libraries/tikzlibraryarrows.code.tex
File: tikzlibraryarrows.code.tex 2021/05/15 v3.1.9a (3.1.9a)
 (/Library/Application Support/MiKTeX/texmfs/install/tex/generic/pgf/libraries/pgflibraryarrows.code.tex
File: pgflibraryarrows.code.tex 2021/05/15 v3.1.9a (3.1.9a)
\arrowsize=\dimen277
))) (/Library/Application Support/MiKTeX/texmfs/install/tex/latex/tools/multicol.sty
Package: multicol 2021/11/30 v1.9d multicolumn formatting (FMi)
\c@tracingmulticols=\count301
\mult@box=\box69
\multicol@leftmargin=\dimen278
\c@unbalance=\count302
\c@collectmore=\count303
\doublecol@number=\count304
\multicoltolerance=\count305
\multicolpretolerance=\count306
\full@width=\dimen279
\page@free=\dimen280
\premulticols=\dimen281
\postmulticols=\dimen282
\multicolsep=\skip64
\multicolbaselineskip=\skip65
\partial@page=\box70
\last@line=\box71
\maxbalancingoverflow=\dimen283
\mult@rightbox=\box72
\mult@grightbox=\box73
\mult@firstbox=\box74
\mult@gfirstbox=\box75
\@tempa=\box76
\@tempa=\box77
\@tempa=\box78
\@tempa=\box79
\@tempa=\box80
\@tempa=\box81
\@tempa=\box82
\@tempa=\box83
\@tempa=\box84
\@tempa=\box85
\@tempa=\box86
\@tempa=\box87
\@tempa=\box88
\@tempa=\box89
\@tempa=\box90
\@tempa=\box91
\@tempa=\box92
\@tempa=\box93
\@tempa=\box94
\@tempa=\box95
\@tempa=\box96
\@tempa=\box97
\@tempa=\box98
\@tempa=\box99
\@tempa=\box100
\@tempa=\box101
\@tempa=\box102
\@tempa=\box103
\@tempa=\box104
\@tempa=\box105
\@tempa=\box106
\@tempa=\box107
\@tempa=\box108
\@tempa=\box109
\@tempa=\box110
\@tempa=\box111
\c@minrows=\count307
\c@columnbadness=\count308
\c@finalcolumnbadness=\count309
\last@try=\dimen284
\multicolovershoot=\dimen285
\multicolundershoot=\dimen286
\mult@nat@firstbox=\box112
\colbreak@box=\box113
\mc@col@check@num=\count310
) (/Users/yiyunliang/Library/Application Support/MiKTeX/texmfs/install/tex/latex/geometry/geometry.sty
Package: geometry 2020/01/02 v5.9 Page Geometry
 (/Library/Application Support/MiKTeX/texmfs/install/tex/generic/iftex/ifvtex.sty
Package: ifvtex 2019/10/25 v1.7 ifvtex legacy package. Use iftex instead.
 (/Library/Application Support/MiKTeX/texmfs/install/tex/generic/iftex/iftex.sty
Package: iftex 2022/02/03 v1.0f TeX engine tests
))
\Gm@cnth=\count311
\Gm@cntv=\count312
\c@Gm@tempcnt=\count313
\Gm@bindingoffset=\dimen287
\Gm@wd@mp=\dimen288
\Gm@odd@mp=\dimen289
\Gm@even@mp=\dimen290
\Gm@layoutwidth=\dimen291
\Gm@layoutheight=\dimen292
\Gm@layouthoffset=\dimen293
\Gm@layoutvoffset=\dimen294
\Gm@dimlist=\toks43
 (/Users/yiyunliang/Library/Application Support/MiKTeX/texmfs/install/tex/latex/geometry/geometry.cfg)) (/Users/yiyunliang/Library/Application Support/MiKTeX/texmfs/install/tex/latex/fancyhdr/fancyhdr.sty
Package: fancyhdr 2022/11/09 v4.1 Extensive control of page headers and footers
\f@nch@headwidth=\skip66
\f@nch@O@elh=\skip67
\f@nch@O@erh=\skip68
\f@nch@O@olh=\skip69
\f@nch@O@orh=\skip70
\f@nch@O@elf=\skip71
\f@nch@O@erf=\skip72
\f@nch@O@olf=\skip73
\f@nch@O@orf=\skip74
) (/Users/yiyunliang/Library/Application Support/MiKTeX/texmfs/install/tex/latex/nomencl/nomencl.sty
Package: nomencl 2021/11/10 v5.6 Nomenclature package
 (/Library/Application Support/MiKTeX/texmfs/install/tex/latex/xkeyval/xkeyval.sty
Package: xkeyval 2022/06/16 v2.9 package option processing (HA)
 (/Library/Application Support/MiKTeX/texmfs/install/tex/generic/xkeyval/xkeyval.tex (/Library/Application Support/MiKTeX/texmfs/install/tex/generic/xkeyval/xkvutils.tex
\XKV@toks=\toks44
\XKV@tempa@toks=\toks45
)
\XKV@depth=\count314
File: xkeyval.tex 2014/12/03 v2.7a key=value parser (HA)
))
(/Users/yiyunliang/Library/Application Support/MiKTeX/texmfs/install/tex/latex/koma-script/tocbasic.sty
Package: tocbasic 2022/10/12 v3.38 KOMA-Script package (handling toc-files)
 (/Users/yiyunliang/Library/Application Support/MiKTeX/texmfs/install/tex/latex/koma-script/scrbase.sty
Package: scrbase 2022/10/12 v3.38 KOMA-Script package (KOMA-Script-independent basics and keyval usage)
 (/Users/yiyunliang/Library/Application Support/MiKTeX/texmfs/install/tex/latex/koma-script/scrlfile.sty
Package: scrlfile 2022/10/12 v3.38 KOMA-Script package (file load hooks)
 (/Users/yiyunliang/Library/Application Support/MiKTeX/texmfs/install/tex/latex/koma-script/scrlfile-hook.sty
Package: scrlfile-hook 2022/10/12 v3.38 KOMA-Script package (using LaTeX hooks)
 (/Users/yiyunliang/Library/Application Support/MiKTeX/texmfs/install/tex/latex/koma-script/scrlogo.sty
Package: scrlogo 2022/10/12 v3.38 KOMA-Script package (logo)
)))
Applying: [2021/05/01] Usage of raw or classic option list on input line 252.
Already applied: [0000/00/00] Usage of raw or classic option list on input line 368.
)
\scr@dte@tocline@numberwidth=\skip75
\scr@dte@tocline@numbox=\box114
)
Package tocbasic Info: setting babel extension for `nlo' on input line 187.
Package tocbasic Info: setting babel extension for `nls' on input line 188.
\nomlabelwidth=\dimen295
\nom@tempdim=\dimen296
\nomitemsep=\skip76
) (/Users/yiyunliang/Library/Application Support/MiKTeX/texmfs/install/tex/latex/siunitx/siunitx.sty
Package: siunitx 2022-12-05 v3.1.11 A comprehensive (SI) units package
\l__siunitx_angle_tmp_dim=\dimen297
\l__siunitx_angle_marker_box=\box115
\l__siunitx_angle_unit_box=\box116
\l__siunitx_compound_count_int=\count315
 (/Users/yiyunliang/Library/Application Support/MiKTeX/texmfs/install/tex/latex/translations/translations.sty
Package: translations 2022/02/05 v1.12 internationalization of LaTeX2e packages (CN)
 (/Library/Application Support/MiKTeX/texmfs/install/tex/generic/pdftexcmds/pdftexcmds.sty
Package: pdftexcmds 2020-06-27 v0.33 Utility functions of pdfTeX for LuaTeX (HO)
 (/Users/yiyunliang/Library/Application Support/MiKTeX/texmfs/install/tex/generic/infwarerr/infwarerr.sty
Package: infwarerr 2019/12/03 v1.5 Providing info/warning/error messages (HO)
) (/Users/yiyunliang/Library/Application Support/MiKTeX/texmfs/install/tex/generic/ltxcmds/ltxcmds.sty
Package: ltxcmds 2020-05-10 v1.25 LaTeX kernel commands for general use (HO)
)
Package pdftexcmds Info: \pdf@primitive is available.
Package pdftexcmds Info: \pdf@ifprimitive is available.
Package pdftexcmds Info: \pdfdraftmode found.
))
\l__siunitx_number_exponent_fixed_int=\count316
\l__siunitx_number_min_decimal_int=\count317
\l__siunitx_number_min_integer_int=\count318
\l__siunitx_number_round_precision_int=\count319
\l__siunitx_number_group_first_int=\count320
\l__siunitx_number_group_size_int=\count321
\l__siunitx_number_group_minimum_int=\count322
\l__siunitx_table_tmp_box=\box117
\l__siunitx_table_tmp_dim=\dimen298
\l__siunitx_table_column_width_dim=\dimen299
\l__siunitx_table_integer_box=\box118
\l__siunitx_table_decimal_box=\box119
\l__siunitx_table_before_box=\box120
\l__siunitx_table_after_box=\box121
\l__siunitx_table_before_dim=\dimen300
\l__siunitx_table_carry_dim=\dimen301
\l__siunitx_unit_tmp_int=\count323
\l__siunitx_unit_position_int=\count324
\l__siunitx_unit_total_int=\count325
)
\@nomenclaturefile=\write4
\openout4 = `dissertationTemplate.nlo'.

Package nomencl Info: Writing nomenclature file dissertationTemplate.nlo on input line 220.
 (/Users/yiyunliang/Library/Application Support/MiKTeX/texmfs/install/tex/latex/appendix/appendix.sty
Package: appendix 2020/02/08 v1.2c extra appendix facilities
\c@@pps=\count326
\c@@ppsavesec=\count327
\c@@ppsaveapp=\count328
) (/Library/Application Support/MiKTeX/texmfs/install/tex/latex/blindtext/blindtext.sty
Package: blindtext 2012/01/06 V2.0 blindtext-Package
 (/Library/Application Support/MiKTeX/texmfs/install/tex/latex/tools/xspace.sty
Package: xspace 2014/10/28 v1.13 Space after command names (DPC,MH)
)
\c@blindtext=\count329
\c@Blindtext=\count330
\c@blind@countparstart=\count331
\blind@countxx=\count332
\blindtext@numBlindtext=\count333
\blind@countyy=\count334
\c@blindlist=\count335
\c@blindlistlevel=\count336
\c@blindlist@level=\count337
\blind@listitem=\count338
\c@blind@listcount=\count339
\c@blind@levelcount=\count340
\blind@mathformula=\count341
\blind@Mathformula=\count342
\c@blind@randomcount=\count343
\c@blind@randommax=\count344
\c@blind@pangramcount=\count345
\c@blind@pangrammax=\count346
) (/Users/yiyunliang/Library/Application Support/MiKTeX/texmfs/install/tex/latex/koma-script/scrextend.sty
Package: scrextend 2022/10/12 v3.38 KOMA-Script package (extend other classes with features of KOMA-Script classes)
 (/Users/yiyunliang/Library/Application Support/MiKTeX/texmfs/install/tex/latex/koma-script/scrkbase.sty
Package: scrkbase 2022/10/12 v3.38 KOMA-Script package (KOMA-Script-dependent basics and keyval usage)
)) (/Users/yiyunliang/Library/Application Support/MiKTeX/texmfs/install/tex/latex/caption/subcaption.sty
Package: subcaption 2022/01/07 v1.5 Sub-captions (AR)
 (/Users/yiyunliang/Library/Application Support/MiKTeX/texmfs/install/tex/latex/caption/caption.sty
Package: caption 2022/03/01 v3.6b Customizing captions (AR)
 (/Users/yiyunliang/Library/Application Support/MiKTeX/texmfs/install/tex/latex/caption/caption3.sty
Package: caption3 2022/03/17 v2.3b caption3 kernel (AR)
\caption@tempdima=\dimen302
\captionmargin=\dimen303
\caption@leftmargin=\dimen304
\caption@rightmargin=\dimen305
\caption@width=\dimen306
\caption@indent=\dimen307
\caption@parindent=\dimen308
\caption@hangindent=\dimen309
Package caption Info: Standard document class detected.
)
\c@caption@flags=\count347
\c@continuedfloat=\count348
)
\c@subfigure=\count349
\c@subtable=\count350
) (/Library/Application Support/MiKTeX/texmfs/install/tex/latex/base/fontenc.sty
Package: fontenc 2021/04/29 v2.0v Standard LaTeX package
)) (/Library/Application Support/MiKTeX/texmfs/install/tex/latex/lm/lmodern.sty
Package: lmodern 2015/05/01 v1.6.1 Latin Modern Fonts
LaTeX Font Info:    Overwriting symbol font `operators' in version `normal'
(Font)                  OT1/cmr/m/n --> OT1/lmr/m/n on input line 22.
LaTeX Font Info:    Overwriting symbol font `letters' in version `normal'
(Font)                  OML/cmm/m/it --> OML/lmm/m/it on input line 23.
LaTeX Font Info:    Overwriting symbol font `symbols' in version `normal'
(Font)                  OMS/cmsy/m/n --> OMS/lmsy/m/n on input line 24.
LaTeX Font Info:    Overwriting symbol font `largesymbols' in version `normal'
(Font)                  OMX/cmex/m/n --> OMX/lmex/m/n on input line 25.
LaTeX Font Info:    Overwriting symbol font `operators' in version `bold'
(Font)                  OT1/cmr/bx/n --> OT1/lmr/bx/n on input line 26.
LaTeX Font Info:    Overwriting symbol font `letters' in version `bold'
(Font)                  OML/cmm/b/it --> OML/lmm/b/it on input line 27.
LaTeX Font Info:    Overwriting symbol font `symbols' in version `bold'
(Font)                  OMS/cmsy/b/n --> OMS/lmsy/b/n on input line 28.
LaTeX Font Info:    Overwriting symbol font `largesymbols' in version `bold'
(Font)                  OMX/cmex/m/n --> OMX/lmex/m/n on input line 29.
LaTeX Font Info:    Overwriting math alphabet `\mathbf' in version `normal'
(Font)                  OT1/cmr/bx/n --> OT1/lmr/bx/n on input line 31.
LaTeX Font Info:    Overwriting math alphabet `\mathsf' in version `normal'
(Font)                  OT1/cmss/m/n --> OT1/lmss/m/n on input line 32.
LaTeX Font Info:    Overwriting math alphabet `\mathit' in version `normal'
(Font)                  OT1/cmr/m/it --> OT1/lmr/m/it on input line 33.
LaTeX Font Info:    Overwriting math alphabet `\mathtt' in version `normal'
(Font)                  OT1/cmtt/m/n --> OT1/lmtt/m/n on input line 34.
LaTeX Font Info:    Overwriting math alphabet `\mathbf' in version `bold'
(Font)                  OT1/cmr/bx/n --> OT1/lmr/bx/n on input line 35.
LaTeX Font Info:    Overwriting math alphabet `\mathsf' in version `bold'
(Font)                  OT1/cmss/bx/n --> OT1/lmss/bx/n on input line 36.
LaTeX Font Info:    Overwriting math alphabet `\mathit' in version `bold'
(Font)                  OT1/cmr/bx/it --> OT1/lmr/bx/it on input line 37.
LaTeX Font Info:    Overwriting math alphabet `\mathtt' in version `bold'
(Font)                  OT1/cmtt/m/n --> OT1/lmtt/m/n on input line 38.
) (Styles/ifasDissMacros.sty
Package: Styles/ifasDissMacros 2016/03/22 v1.0 Macros for Ifas Dissertation Template
 (/Users/yiyunliang/Library/Application Support/MiKTeX/texmfs/install/tex/latex/wrapfig/wrapfig.sty
\wrapoverhang=\dimen310
\WF@size=\dimen311
\c@WF@wrappedlines=\count351
\WF@box=\box122
\WF@everypar=\toks46
Package: wrapfig 2003/01/31  v 3.6
)
\c@mv@mathchartertext=\count352
LaTeX Font Info:    Overwriting symbol font `letters' in version `mathchartertext'
(Font)                  OML/cmm/m/it --> OML/mdbch/m/n on input line 55.
) (/Users/yiyunliang/Library/Application Support/MiKTeX/texmfs/install/tex/latex/lipsum/lipsum.sty (/Library/Application Support/MiKTeX/texmfs/install/tex/latex/l3packages/l3keys2e/l3keys2e.sty
Package: l3keys2e 2022-12-17 LaTeX2e option processing using LaTeX3 keys
)
Package: lipsum 2021-09-20 v2.7 150 paragraphs of Lorem Ipsum dummy text
\g__lipsum_par_int=\count353
\l__lipsum_a_int=\count354
\l__lipsum_b_int=\count355
 (/Users/yiyunliang/Library/Application Support/MiKTeX/texmfs/install/tex/latex/lipsum/lipsum.ltd.tex))
LaTeX Font Info:    Trying to load font information for T1+lmr on input line 45.
 (/Library/Application Support/MiKTeX/texmfs/install/tex/latex/lm/t1lmr.fd
File: t1lmr.fd 2015/05/01 v1.6.1 Font defs for Latin Modern
) (dissertationTemplate.aux)
\openout1 = `dissertationTemplate.aux'.

LaTeX Font Info:    Checking defaults for OML/cmm/m/it on input line 45.
LaTeX Font Info:    ... okay on input line 45.
LaTeX Font Info:    Checking defaults for OMS/cmsy/m/n on input line 45.
LaTeX Font Info:    ... okay on input line 45.
LaTeX Font Info:    Checking defaults for OT1/cmr/m/n on input line 45.
LaTeX Font Info:    ... okay on input line 45.
LaTeX Font Info:    Checking defaults for T1/cmr/m/n on input line 45.
LaTeX Font Info:    ... okay on input line 45.
LaTeX Font Info:    Checking defaults for TS1/cmr/m/n on input line 45.
LaTeX Font Info:    ... okay on input line 45.
LaTeX Font Info:    Checking defaults for OMX/cmex/m/n on input line 45.
LaTeX Font Info:    ... okay on input line 45.
LaTeX Font Info:    Checking defaults for U/cmr/m/n on input line 45.
LaTeX Font Info:    ... okay on input line 45.
 (/Library/Application Support/MiKTeX/texmfs/install/tex/context/base/mkii/supp-pdf.mkii
[Loading MPS to PDF converter (version 2006.09.02).]
\scratchcounter=\count356
\scratchdimen=\dimen312
\scratchbox=\box123
\nofMPsegments=\count357
\nofMParguments=\count358
\everyMPshowfont=\toks47
\MPscratchCnt=\count359
\MPscratchDim=\dimen313
\MPnumerator=\count360
\makeMPintoPDFobject=\count361
\everyMPtoPDFconversion=\toks48
) (/Library/Application Support/MiKTeX/texmfs/install/tex/latex/epstopdf-pkg/epstopdf-base.sty
Package: epstopdf-base 2020-01-24 v2.11 Base part for package epstopdf
Package epstopdf-base Info: Redefining graphics rule for `.eps' on input line 485.
 (/Library/Application Support/MiKTeX/texmfs/install/tex/latex/00miktex/epstopdf-sys.cfg
File: epstopdf-sys.cfg 2021/03/18 v2.0 Configuration of epstopdf for MiKTeX
))
*geometry* driver: auto-detecting
*geometry* detected driver: pdftex
*geometry* verbose mode - [ preamble ] result:
* driver: pdftex
* paper: <default>
* layout: <same size as paper>
* layoutoffset:(h,v)=(0.0pt,0.0pt)
* modes: twoside 
* h-part:(L,W,R)=(28.45274pt, 364.1953pt, 28.45274pt)
* v-part:(T,H,B)=(39.83368pt, 517.84052pt, 39.83368pt)
* \paperwidth=421.10078pt
* \paperheight=597.50787pt
* \textwidth=364.1953pt
* \textheight=517.84052pt
* \oddsidemargin=-43.81725pt
* \evensidemargin=-43.81725pt
* \topmargin=-60.0854pt
* \headheight=12.0pt
* \headsep=15.6491pt
* \topskip=9.0pt
* \footskip=30.0pt
* \marginparwidth=48.0pt
* \marginparsep=10.0pt
* \columnsep=10.0pt
* \skip\footins=8.0pt plus 4.0pt minus 2.0pt
* \hoffset=0.0pt
* \voffset=0.0pt
* \mag=1000
* \@twocolumnfalse
* \@twosidetrue
* \@mparswitchtrue
* \@reversemarginfalse
* (1in=72.27pt=25.4mm, 1cm=28.453pt)

(/Users/yiyunliang/Library/Application Support/MiKTeX/texmfs/install/tex/latex/translations/dicts/translations-basic-dictionary-english.trsl
File: translations-basic-dictionary-english.trsl (english translation file `translations-basic-dictionary')
)
Package translations Info: loading dictionary `translations-basic-dictionary' for `english'. on input line 45.
 (/Users/yiyunliang/Library/Application Support/MiKTeX/texmfs/install/tex/latex/translations/dicts/translations-basic-dictionary-german.trsl
File: translations-basic-dictionary-german.trsl (german translation file `translations-basic-dictionary')
)
Package translations Info: loading dictionary `translations-basic-dictionary' for `german'. on input line 45.
Package caption Info: Begin \AtBeginDocument code.
Package caption Info: wrapfig package is loaded.
Package caption Info: End \AtBeginDocument code.
LaTeX Font Info:    Trying to load font information for OT1+lmr on input line 47.
 (/Library/Application Support/MiKTeX/texmfs/install/tex/latex/lm/ot1lmr.fd
File: ot1lmr.fd 2015/05/01 v1.6.1 Font defs for Latin Modern
)
LaTeX Font Info:    Trying to load font information for OML+lmm on input line 47.
 (/Library/Application Support/MiKTeX/texmfs/install/tex/latex/lm/omllmm.fd
File: omllmm.fd 2015/05/01 v1.6.1 Font defs for Latin Modern
)
LaTeX Font Info:    Trying to load font information for OMS+lmsy on input line 47.
 (/Library/Application Support/MiKTeX/texmfs/install/tex/latex/lm/omslmsy.fd
File: omslmsy.fd 2015/05/01 v1.6.1 Font defs for Latin Modern
)
LaTeX Font Info:    Trying to load font information for OMX+lmex on input line 47.
 (/Library/Application Support/MiKTeX/texmfs/install/tex/latex/lm/omxlmex.fd
File: omxlmex.fd 2015/05/01 v1.6.1 Font defs for Latin Modern
)
LaTeX Font Info:    External font `lmex10' loaded for size
(Font)              <9> on input line 47.
LaTeX Font Info:    External font `lmex10' loaded for size
(Font)              <6> on input line 47.
LaTeX Font Info:    External font `lmex10' loaded for size
(Font)              <5> on input line 47.
LaTeX Font Info:    Trying to load font information for U+msa on input line 47.
 (/Library/Application Support/MiKTeX/texmfs/install/tex/latex/amsfonts/umsa.fd
File: umsa.fd 2013/01/14 v3.01 AMS symbols A
)
LaTeX Font Info:    Trying to load font information for U+msb on input line 47.
 (/Library/Application Support/MiKTeX/texmfs/install/tex/latex/amsfonts/umsb.fd
File: umsb.fd 2013/01/14 v3.01 AMS symbols B
) [1

{/Users/yiyunliang/Library/Application Support/MiKTeX/texmfs/data/fonts/map/pdftex/pdftex.map}] [2


] (Dedication/dedication.tex [1] [2]) (Acknowledgement/acknowledgement.tex [1


] [2]) (Abstract/abstract.tex [1


] [2]) (Abstract/zusammenfassung.tex [1


] [2]) (dissertationTemplate.toc)
\tf@toc=\write5
\openout5 = `dissertationTemplate.toc'.

 (dissertationTemplate.nls [1


] [2


]) [3] [4


] (Chapters/chapter1.tex
Chapter 1.
) [1


] (Chapters/chapter2.tex [2]
Chapter 2.
[3


] [4]
LaTeX Font Info:    External font `lmex10' loaded for size
(Font)              <7> on input line 18.

Underfull \vbox (badness 10000) has occurred while \output is active []

 [5]
LaTeX Font Info:    Trying to load font information for OML+mdbch on input line 23.
 (/Users/yiyunliang/Library/Application Support/MiKTeX/texmfs/install/tex/latex/mathdesign/mdbch/omlmdbch.fd
File: omlmdbch.fd 2013/08/29 Fontinst v1.933 font definitions for OML/mdbch.
)
LaTeX Font Info:    Font shape `OML/mdbch/m/n' will be
(Font)              scaled to size 8.64006pt on input line 23.
LaTeX Font Info:    Font shape `OML/mdbch/m/n' will be
(Font)              scaled to size 5.76004pt on input line 23.
LaTeX Font Info:    Font shape `OML/mdbch/m/n' will be
(Font)              scaled to size 4.80003pt on input line 23.
<Graphics/vorher.jpg, id=76, 311.1625pt x 311.1625pt>
File: Graphics/vorher.jpg Graphic file (type jpg)
<use Graphics/vorher.jpg>
Package pdftex.def Info: Graphics/vorher.jpg  used on input line 31.
(pdftex.def)             Requested size: 145.67867pt x 145.67664pt.
<Graphics/nachher.jpg, id=77, 618.31pt x 373.395pt>
File: Graphics/nachher.jpg Graphic file (type jpg)
<use Graphics/nachher.jpg>
Package pdftex.def Info: Graphics/nachher.jpg  used on input line 37.
(pdftex.def)             Requested size: 145.67867pt x 87.97574pt.
 [6 <./Graphics/vorher.jpg> <./Graphics/nachher.jpg>] [7]) (Chapters/appendix.tex [8]
Appendix A.
) [9


] [10] (dissertationTemplate.lof)
\tf@lof=\write6
\openout6 = `dissertationTemplate.lof'.

 [11


] [12


] (dissertationTemplate.lot)
\tf@lot=\write7
\openout7 = `dissertationTemplate.lot'.

 (dissertationTemplate.bbl [13] [14


]) (CV/cv.tex [15] [16]) (dissertationTemplate.aux) ) 
Here is how much of TeX's memory you used:
 25662 strings out of 476408
 568825 string characters out of 2786718
 1866793 words of memory out of 3000000
 45478 multiletter control sequences out of 15000+600000
 590311 words of font info for 84 fonts, out of 8000000 for 9000
 1141 hyphenation exceptions out of 8191
 125i,15n,145p,2896b,600s stack positions out of 10000i,1000n,20000p,200000b,80000s
{/Library/Application Support/MiKTeX/texmfs/install/fonts/enc/dvips/lm/lm-ec.enc}{/Library/Application Support/MiKTeX/texmfs/install/fonts/enc/dvips/lm/lm-mathit.enc}{/Library/Application Support/MiKTeX/texmfs/install/fonts/enc/dvips/lm/lm-rm.enc}{/Library/Application Support/MiKTeX/texmfs/install/fonts/enc/dvips/lm/lm-mathex.enc}{/Library/Application Support/MiKTeX/texmfs/install/fonts/enc/dvips/lm/lm-mathsy.enc}</Library/Application Support/MiKTeX/texmfs/install/fonts/type1/public/lm/lmb10.pfb></Library/Application Support/MiKTeX/texmfs/install/fonts/type1/public/lm/lmcsc10.pfb></Library/Application Support/MiKTeX/texmfs/install/fonts/type1/public/lm/lmex10.pfb></Library/Application Support/MiKTeX/texmfs/install/fonts/type1/public/lm/lmmi5.pfb></Library/Application Support/MiKTeX/texmfs/install/fonts/type1/public/lm/lmmi6.pfb></Library/Application Support/MiKTeX/texmfs/install/fonts/type1/public/lm/lmmi9.pfb></Library/Application Support/MiKTeX/texmfs/install/fonts/type1/public/lm/lmr10.pfb></Library/Application Support/MiKTeX/texmfs/install/fonts/type1/public/lm/lmr5.pfb></Library/Application Support/MiKTeX/texmfs/install/fonts/type1/public/lm/lmr6.pfb></Library/Application Support/MiKTeX/texmfs/install/fonts/type1/public/lm/lmr7.pfb></Library/Application Support/MiKTeX/texmfs/install/fonts/type1/public/lm/lmr8.pfb></Library/Application Support/MiKTeX/texmfs/install/fonts/type1/public/lm/lmr9.pfb></Library/Application Support/MiKTeX/texmfs/install/fonts/type1/public/lm/lmri12.pfb></Library/Application Support/MiKTeX/texmfs/install/fonts/type1/public/lm/lmri9.pfb></Library/Application Support/MiKTeX/texmfs/install/fonts/type1/public/lm/lmro9.pfb></Library/Application Support/MiKTeX/texmfs/install/fonts/type1/public/lm/lmsy6.pfb></Library/Application Support/MiKTeX/texmfs/install/fonts/type1/public/lm/lmsy9.pfb></Users/yiyunliang/Library/Application Support/MiKTeX/texmfs/install/fonts/type1/mathdesign/mdbch/md-chr7m.pfb>
Output written on dissertationTemplate.pdf (30 pages, 417543 bytes).
PDF statistics:
 207 PDF objects out of 1000 (max. 8388607)
 0 named destinations out of 1000 (max. 500000)
 23 words of extra memory for PDF output out of 10000 (max. 10000000)

